Command line invocation:
    /Applications/Xcode_16.4.app/Contents/Developer/usr/bin/xcodebuild archive -workspace ./Quick_Calculator.xcworkspace -scheme Quick_Calculator -configuration Release -destination generic/platform=iOS -archivePath /Users/runner/work/Quick_Calculator/Quick_Calculator/build.xcarchive

ComputePackagePrebuildTargetDependencyGraph

Prepare packages

CreateBuildRequest

SendProjectDescription

CreateBuildOperation

ComputeTargetDependencyGraph
note: Building targets in dependency order
note: Target dependency graph (8 targets)
    Target 'Quick_Calculator' in project 'Quick_Calculator'
        ➜ Implicit dependency on target 'Pods-Quick_Calculator' in project 'Pods' via file 'Pods_Quick_Calculator.framework' in build phase 'Link Binary'
        ➜ Implicit dependency on target 'PKHUD' in project 'Pods' via options '-framework PKHUD' in build setting 'OTHER_LDFLAGS'
        ➜ Implicit dependency on target 'UIMKit' in project 'Pods' via options '-framework UIMKit' in build setting 'OTHER_LDFLAGS'
    Target 'Pods-Quick_Calculator' in project 'Pods'
        ➜ Explicit dependency on target 'PKHUD' in project 'Pods'
        ➜ Explicit dependency on target 'UIMKit' in project 'Pods'
        ➜ Explicit dependency on target 'UMAPM' in project 'Pods'
        ➜ Explicit dependency on target 'UMCommon' in project 'Pods'
        ➜ Explicit dependency on target 'UMDevice' in project 'Pods'
    Target 'UIMKit' in project 'Pods'
        ➜ Explicit dependency on target 'UMAPM' in project 'Pods'
        ➜ Explicit dependency on target 'UMCommon' in project 'Pods'
        ➜ Explicit dependency on target 'UMDevice' in project 'Pods'
    Target 'UMAPM' in project 'Pods'
        ➜ Explicit dependency on target 'UMCommon' in project 'Pods'
    Target 'UMCommon' in project 'Pods'
        ➜ Explicit dependency on target 'UMDevice' in project 'Pods'
    Target 'UMDevice' in project 'Pods' (no dependencies)
    Target 'PKHUD' in project 'Pods'
        ➜ Explicit dependency on target 'PKHUD-PKHUDResources' in project 'Pods'
    Target 'PKHUD-PKHUDResources' in project 'Pods' (no dependencies)

GatherProvisioningInputs

CreateBuildDescription

ExecuteExternalTool /Applications/Xcode_16.4.app/Contents/Developer/usr/bin/actool --version --output-format xml1

ExecuteExternalTool /Applications/Xcode_16.4.app/Contents/Developer/Toolchains/XcodeDefault.xctoolchain/usr/bin/clang -v -E -dM -arch arm64 -isysroot /Applications/Xcode_16.4.app/Contents/Developer/Platforms/iPhoneOS.platform/Developer/SDKs/iPhoneOS18.5.sdk -x c -c /dev/null

ExecuteExternalTool /Applications/Xcode_16.4.app/Contents/Developer/Toolchains/XcodeDefault.xctoolchain/usr/bin/clang -v -E -dM -isysroot /Applications/Xcode_16.4.app/Contents/Developer/Platforms/iPhoneOS.platform/Developer/SDKs/iPhoneOS18.5.sdk -x c -c /dev/null

ExecuteExternalTool /Applications/Xcode_16.4.app/Contents/Developer/Toolchains/XcodeDefault.xctoolchain/usr/bin/clang -v -E -dM -arch arm64 -isysroot /Applications/Xcode_16.4.app/Contents/Developer/Platforms/iPhoneOS.platform/Developer/SDKs/iPhoneOS18.5.sdk -x objective-c -c /dev/null

ExecuteExternalTool /Applications/Xcode_16.4.app/Contents/Developer/usr/bin/actool --print-asset-tag-combinations --output-format xml1 /Users/runner/work/Quick_Calculator/Quick_Calculator/Quick_Calculator/Resources/Assets.xcassets

ExecuteExternalTool /Applications/Xcode_16.4.app/Contents/Developer/Toolchains/XcodeDefault.xctoolchain/usr/bin/libtool -V

ExecuteExternalTool /Applications/Xcode_16.4.app/Contents/Developer/Toolchains/XcodeDefault.xctoolchain/usr/bin/swiftc --version

ExecuteExternalTool /Applications/Xcode_16.4.app/Contents/Developer/Toolchains/XcodeDefault.xctoolchain/usr/bin/ld -version_details

Build description signature: 640f2394396af952d81fbbe4c8f4ede2
Build description path: /Users/runner/Library/Developer/Xcode/DerivedData/Quick_Calculator-cnnhxinddilimvgloggqwxltknjc/Build/Intermediates.noindex/ArchiveIntermediates/Quick_Calculator/IntermediateBuildFilesPath/XCBuildData/640f2394396af952d81fbbe4c8f4ede2.xcbuilddata
note: Disabling previews because SWIFT_VERSION is set and SWIFT_OPTIMIZATION_LEVEL=-O, expected -Onone (in target 'UIMKit' from project 'Pods')
note: Disabling previews because SWIFT_VERSION is set and SWIFT_OPTIMIZATION_LEVEL=-O, expected -Onone (in target 'Pods-Quick_Calculator' from project 'Pods')
note: Disabling previews because SWIFT_VERSION is set and SWIFT_OPTIMIZATION_LEVEL=-O, expected -Onone (in target 'UMAPM' from project 'Pods')
note: Disabling previews because SWIFT_VERSION is set and SWIFT_OPTIMIZATION_LEVEL=-O, expected -Onone (in target 'PKHUD-PKHUDResources' from project 'Pods')
note: Disabling previews because SWIFT_VERSION is set and SWIFT_OPTIMIZATION_LEVEL=-O, expected -Onone (in target 'UMCommon' from project 'Pods')
note: Disabling previews because SWIFT_VERSION is set and SWIFT_OPTIMIZATION_LEVEL=-O, expected -Onone (in target 'PKHUD' from project 'Pods')
note: Disabling previews because SWIFT_VERSION is set and SWIFT_OPTIMIZATION_LEVEL=-O, expected -Onone (in target 'UMDevice' from project 'Pods')
/Users/runner/work/Quick_Calculator/Quick_Calculator/Quick_Calculator.xcodeproj: error: Provisioning profile "appstore-6758509267-20260214101522795" doesn't support the Apple Pay capability.  (in target 'Quick_Calculator' from project 'Quick_Calculator')
/Users/runner/work/Quick_Calculator/Quick_Calculator/Quick_Calculator.xcodeproj: error: Provisioning profile "appstore-6758509267-20260214101522795" doesn't include the com.apple.developer.in-app-payments entitlement. Profile qualification is using entitlement definitions that may be out of date. Connect to network to update. (in target 'Quick_Calculator' from project 'Quick_Calculator')
note: Disabling previews because SWIFT_VERSION is set and SWIFT_OPTIMIZATION_LEVEL=-O, expected -Onone (in target 'Quick_Calculator' from project 'Quick_Calculator')
** ARCHIVE FAILED **


The following build commands failed:
	Archiving workspace Quick_Calculator with scheme Quick_Calculator
(1 failure)
